{"uuid":"090b4581-422b-4afd-b25a-f1903c9046f4","historyId":"96f1d97d0f05692df4917f93897c5243","fullName":"com.epam.labTA.web.CalculateAPITest.verifyRightCalculateOperationSoap","labels":[{"name":"package","value":"com.epam.labTA.web.CalculateAPITest"},{"name":"testClass","value":"com.epam.labTA.web.CalculateAPITest"},{"name":"testMethod","value":"verifyRightCalculateOperationSoap"},{"name":"parentSuite","value":"Suite"},{"name":"suite","value":"CalculateTest"},{"name":"subSuite","value":"com.epam.labTA.web.CalculateAPITest"},{"name":"host","value":"Olenkas-Air"},{"name":"thread","value":"3113@Olenkas-Air.main(1)"}],"links":[],"name":"verifyRightCalculateOperationSoap","status":"failed","statusDetails":{"known":false,"muted":false,"flaky":false,"message":"did not expect to find [5.0] but found [5.75]","trace":"java.lang.AssertionError: did not expect to find [5.0] but found [5.75]\n\tat org.testng.Assert.fail(Assert.java:97)\n\tat org.testng.Assert.failNotEquals(Assert.java:969)\n\tat org.testng.Assert.assertEquals(Assert.java:640)\n\tat org.testng.Assert.assertEquals(Assert.java:651)\n\tat com.epam.labTA.web.CalculateAPITest.verifyRightCalculateOperationSoap_aroundBody0(CalculateAPITest.java:45)\n\tat com.epam.labTA.web.CalculateAPITest$AjcClosure1.run(CalculateAPITest.java:1)\n\tat org.aspectj.runtime.reflect.JoinPointImpl.proceed(JoinPointImpl.java:149)\n\tat io.qameta.allure.aspects.StepsAspects.step(StepsAspects.java:46)\n\tat com.epam.labTA.web.CalculateAPITest.verifyRightCalculateOperationSoap(CalculateAPITest.java:41)\n\tat sun.reflect.NativeMethodAccessorImpl.invoke0(Native Method)\n\tat sun.reflect.NativeMethodAccessorImpl.invoke(NativeMethodAccessorImpl.java:62)\n\tat sun.reflect.DelegatingMethodAccessorImpl.invoke(DelegatingMethodAccessorImpl.java:43)\n\tat java.lang.reflect.Method.invoke(Method.java:498)\n\tat org.testng.internal.MethodInvocationHelper.invokeMethod(MethodInvocationHelper.java:131)\n\tat org.testng.internal.TestInvoker.invokeMethod(TestInvoker.java:570)\n\tat org.testng.internal.TestInvoker.invokeTestMethod(TestInvoker.java:170)\n\tat org.testng.internal.MethodRunner.runInSequence(MethodRunner.java:46)\n\tat org.testng.internal.TestInvoker$MethodInvocationAgent.invoke(TestInvoker.java:790)\n\tat org.testng.internal.TestInvoker.invokeTestMethods(TestInvoker.java:143)\n\tat org.testng.internal.TestMethodWorker.invokeTestMethods(TestMethodWorker.java:146)\n\tat org.testng.internal.TestMethodWorker.run(TestMethodWorker.java:128)\n\tat org.testng.TestRunner.privateRun(TestRunner.java:763)\n\tat org.testng.TestRunner.run(TestRunner.java:594)\n\tat org.testng.SuiteRunner.runTest(SuiteRunner.java:398)\n\tat org.testng.SuiteRunner.runSequentially(SuiteRunner.java:392)\n\tat org.testng.SuiteRunner.privateRun(SuiteRunner.java:355)\n\tat org.testng.SuiteRunner.run(SuiteRunner.java:304)\n\tat org.testng.SuiteRunnerWorker.runSuite(SuiteRunnerWorker.java:53)\n\tat org.testng.SuiteRunnerWorker.run(SuiteRunnerWorker.java:96)\n\tat org.testng.TestNG.runSuitesSequentially(TestNG.java:1146)\n\tat org.testng.TestNG.runSuitesLocally(TestNG.java:1067)\n\tat org.testng.TestNG.runSuites(TestNG.java:997)\n\tat org.testng.TestNG.run(TestNG.java:965)\n\tat org.apache.maven.surefire.testng.TestNGExecutor.run(TestNGExecutor.java:281)\n\tat org.apache.maven.surefire.testng.TestNGXmlTestSuite.execute(TestNGXmlTestSuite.java:75)\n\tat org.apache.maven.surefire.testng.TestNGProvider.invoke(TestNGProvider.java:121)\n\tat org.apache.maven.surefire.booter.ForkedBooter.invokeProviderInSameClassLoader(ForkedBooter.java:290)\n\tat org.apache.maven.surefire.booter.ForkedBooter.runSuitesInProcess(ForkedBooter.java:242)\n\tat org.apache.maven.surefire.booter.ForkedBooter.main(ForkedBooter.java:121)\n"},"stage":"finished","start":1557399488856,"stop":1557399491210,"steps":[{"name":"Step to verify calculator operation","status":"failed","statusDetails":{"known":false,"muted":false,"flaky":false,"message":"did not expect to find [5.0] but found [5.75]","trace":"java.lang.AssertionError: did not expect to find [5.0] but found [5.75]\n\tat org.testng.Assert.fail(Assert.java:97)\n\tat org.testng.Assert.failNotEquals(Assert.java:969)\n\tat org.testng.Assert.assertEquals(Assert.java:640)\n\tat org.testng.Assert.assertEquals(Assert.java:651)\n\tat com.epam.labTA.web.CalculateAPITest.verifyRightCalculateOperationSoap_aroundBody0(CalculateAPITest.java:45)\n\tat com.epam.labTA.web.CalculateAPITest$AjcClosure1.run(CalculateAPITest.java:1)\n\tat org.aspectj.runtime.reflect.JoinPointImpl.proceed(JoinPointImpl.java:149)\n\tat io.qameta.allure.aspects.StepsAspects.step(StepsAspects.java:46)\n\tat com.epam.labTA.web.CalculateAPITest.verifyRightCalculateOperationSoap(CalculateAPITest.java:41)\n\tat sun.reflect.NativeMethodAccessorImpl.invoke0(Native Method)\n\tat sun.reflect.NativeMethodAccessorImpl.invoke(NativeMethodAccessorImpl.java:62)\n\tat sun.reflect.DelegatingMethodAccessorImpl.invoke(DelegatingMethodAccessorImpl.java:43)\n\tat java.lang.reflect.Method.invoke(Method.java:498)\n\tat org.testng.internal.MethodInvocationHelper.invokeMethod(MethodInvocationHelper.java:131)\n\tat org.testng.internal.TestInvoker.invokeMethod(TestInvoker.java:570)\n\tat org.testng.internal.TestInvoker.invokeTestMethod(TestInvoker.java:170)\n\tat org.testng.internal.MethodRunner.runInSequence(MethodRunner.java:46)\n\tat org.testng.internal.TestInvoker$MethodInvocationAgent.invoke(TestInvoker.java:790)\n\tat org.testng.internal.TestInvoker.invokeTestMethods(TestInvoker.java:143)\n\tat org.testng.internal.TestMethodWorker.invokeTestMethods(TestMethodWorker.java:146)\n\tat org.testng.internal.TestMethodWorker.run(TestMethodWorker.java:128)\n\tat org.testng.TestRunner.privateRun(TestRunner.java:763)\n\tat org.testng.TestRunner.run(TestRunner.java:594)\n\tat org.testng.SuiteRunner.runTest(SuiteRunner.java:398)\n\tat org.testng.SuiteRunner.runSequentially(SuiteRunner.java:392)\n\tat org.testng.SuiteRunner.privateRun(SuiteRunner.java:355)\n\tat org.testng.SuiteRunner.run(SuiteRunner.java:304)\n\tat org.testng.SuiteRunnerWorker.runSuite(SuiteRunnerWorker.java:53)\n\tat org.testng.SuiteRunnerWorker.run(SuiteRunnerWorker.java:96)\n\tat org.testng.TestNG.runSuitesSequentially(TestNG.java:1146)\n\tat org.testng.TestNG.runSuitesLocally(TestNG.java:1067)\n\tat org.testng.TestNG.runSuites(TestNG.java:997)\n\tat org.testng.TestNG.run(TestNG.java:965)\n\tat org.apache.maven.surefire.testng.TestNGExecutor.run(TestNGExecutor.java:281)\n\tat org.apache.maven.surefire.testng.TestNGXmlTestSuite.execute(TestNGXmlTestSuite.java:75)\n\tat org.apache.maven.surefire.testng.TestNGProvider.invoke(TestNGProvider.java:121)\n\tat org.apache.maven.surefire.booter.ForkedBooter.invokeProviderInSameClassLoader(ForkedBooter.java:290)\n\tat org.apache.maven.surefire.booter.ForkedBooter.runSuitesInProcess(ForkedBooter.java:242)\n\tat org.apache.maven.surefire.booter.ForkedBooter.main(ForkedBooter.java:121)\n"},"stage":"finished","start":1557399488882,"stop":1557399491203,"steps":[{"name":"Step rest service for divide num1: {} and num2: {} ...","status":"passed","stage":"finished","start":1557399488887,"stop":1557399491146,"steps":[{"name":"Step for perform request rest service with url: {} ...","status":"passed","stage":"finished","start":1557399488887,"stop":1557399491146,"parameters":[{"name":"url","value":"http://localhost:8080/OlenkaSaloCalculatorService/calculatorRest/divide/23.0/4.0"}]}],"parameters":[{"name":"x","value":"23.0"},{"name":"y","value":"4.0"}]}]}],"parameters":[]}