{"uuid":"7bb375ad-91b0-43c3-be1b-2404f604ccd6","historyId":"8cabf4c255ac69b181f0bc62ac302a10","fullName":"com.epam.labTA.web.CalculateAPITest.verifyForbiddenZeroDivision","labels":[{"name":"package","value":"com.epam.labTA.web.CalculateAPITest"},{"name":"testClass","value":"com.epam.labTA.web.CalculateAPITest"},{"name":"testMethod","value":"verifyForbiddenZeroDivision"},{"name":"parentSuite","value":"Suite"},{"name":"suite","value":"CalculateTest"},{"name":"subSuite","value":"com.epam.labTA.web.CalculateAPITest"},{"name":"host","value":"Olenkas-Air.kyiv.epam.com"},{"name":"thread","value":"12930@Olenkas-Air.kyiv.epam.com.main(1)"}],"links":[],"name":"verifyForbiddenZeroDivision","status":"passed","statusDetails":{"known":false,"muted":false,"flaky":false},"stage":"finished","start":1556879358716,"stop":1556879358746,"steps":[{"name":"Step rest service for divide num1: {} and num2: {} ...","status":"broken","statusDetails":{"known":false,"muted":false,"flaky":false,"message":"Failed with HTTP Error code","trace":"java.lang.RuntimeException: Failed with HTTP Error code\n\tat com.epam.labTA.web.rest.CalculateRestServiceClient.performRequest_aroundBody12(CalculateRestServiceClient.java:89)\n\tat com.epam.labTA.web.rest.CalculateRestServiceClient$AjcClosure13.run(CalculateRestServiceClient.java:1)\n\tat org.aspectj.runtime.reflect.JoinPointImpl.proceed(JoinPointImpl.java:149)\n\tat io.qameta.allure.aspects.StepsAspects.step(StepsAspects.java:46)\n\tat com.epam.labTA.web.rest.CalculateRestServiceClient.performRequest(CalculateRestServiceClient.java:84)\n\tat com.epam.labTA.web.rest.CalculateRestServiceClient.getDivide_aroundBody4(CalculateRestServiceClient.java:58)\n\tat com.epam.labTA.web.rest.CalculateRestServiceClient$AjcClosure5.run(CalculateRestServiceClient.java:1)\n\tat org.aspectj.runtime.reflect.JoinPointImpl.proceed(JoinPointImpl.java:149)\n\tat io.qameta.allure.aspects.StepsAspects.step(StepsAspects.java:46)\n\tat com.epam.labTA.web.rest.CalculateRestServiceClient.getDivide(CalculateRestServiceClient.java:57)\n\tat com.epam.labTA.web.CalculateAPITest.lambda$verifyForbiddenZeroDivision$0(CalculateAPITest.java:89)\n\tat org.testng.Assert.expectThrows(Assert.java:1616)\n\tat org.testng.Assert.assertThrows(Assert.java:1598)\n\tat com.epam.labTA.web.CalculateAPITest.verifyForbiddenZeroDivision(CalculateAPITest.java:89)\n\tat sun.reflect.NativeMethodAccessorImpl.invoke0(Native Method)\n\tat sun.reflect.NativeMethodAccessorImpl.invoke(NativeMethodAccessorImpl.java:62)\n\tat sun.reflect.DelegatingMethodAccessorImpl.invoke(DelegatingMethodAccessorImpl.java:43)\n\tat java.lang.reflect.Method.invoke(Method.java:498)\n\tat org.testng.internal.MethodInvocationHelper.invokeMethod(MethodInvocationHelper.java:131)\n\tat org.testng.internal.TestInvoker.invokeMethod(TestInvoker.java:570)\n\tat org.testng.internal.TestInvoker.invokeTestMethod(TestInvoker.java:170)\n\tat org.testng.internal.MethodRunner.runInSequence(MethodRunner.java:46)\n\tat org.testng.internal.TestInvoker$MethodInvocationAgent.invoke(TestInvoker.java:790)\n\tat org.testng.internal.TestInvoker.invokeTestMethods(TestInvoker.java:143)\n\tat org.testng.internal.TestMethodWorker.invokeTestMethods(TestMethodWorker.java:146)\n\tat org.testng.internal.TestMethodWorker.run(TestMethodWorker.java:128)\n\tat org.testng.TestRunner.privateRun(TestRunner.java:763)\n\tat org.testng.TestRunner.run(TestRunner.java:594)\n\tat org.testng.SuiteRunner.runTest(SuiteRunner.java:398)\n\tat org.testng.SuiteRunner.runSequentially(SuiteRunner.java:392)\n\tat org.testng.SuiteRunner.privateRun(SuiteRunner.java:355)\n\tat org.testng.SuiteRunner.run(SuiteRunner.java:304)\n\tat org.testng.SuiteRunnerWorker.runSuite(SuiteRunnerWorker.java:53)\n\tat org.testng.SuiteRunnerWorker.run(SuiteRunnerWorker.java:96)\n\tat org.testng.TestNG.runSuitesSequentially(TestNG.java:1146)\n\tat org.testng.TestNG.runSuitesLocally(TestNG.java:1067)\n\tat org.testng.TestNG.runSuites(TestNG.java:997)\n\tat org.testng.TestNG.run(TestNG.java:965)\n\tat org.apache.maven.surefire.testng.TestNGExecutor.run(TestNGExecutor.java:281)\n\tat org.apache.maven.surefire.testng.TestNGXmlTestSuite.execute(TestNGXmlTestSuite.java:75)\n\tat org.apache.maven.surefire.testng.TestNGProvider.invoke(TestNGProvider.java:121)\n\tat org.apache.maven.surefire.booter.ForkedBooter.invokeProviderInSameClassLoader(ForkedBooter.java:290)\n\tat org.apache.maven.surefire.booter.ForkedBooter.runSuitesInProcess(ForkedBooter.java:242)\n\tat org.apache.maven.surefire.booter.ForkedBooter.main(ForkedBooter.java:121)\n"},"stage":"finished","start":1556879358719,"stop":1556879358745,"steps":[{"name":"Step for perform request rest service...","status":"broken","statusDetails":{"known":false,"muted":false,"flaky":false,"message":"Failed with HTTP Error code","trace":"java.lang.RuntimeException: Failed with HTTP Error code\n\tat com.epam.labTA.web.rest.CalculateRestServiceClient.performRequest_aroundBody12(CalculateRestServiceClient.java:89)\n\tat com.epam.labTA.web.rest.CalculateRestServiceClient$AjcClosure13.run(CalculateRestServiceClient.java:1)\n\tat org.aspectj.runtime.reflect.JoinPointImpl.proceed(JoinPointImpl.java:149)\n\tat io.qameta.allure.aspects.StepsAspects.step(StepsAspects.java:46)\n\tat com.epam.labTA.web.rest.CalculateRestServiceClient.performRequest(CalculateRestServiceClient.java:84)\n\tat com.epam.labTA.web.rest.CalculateRestServiceClient.getDivide_aroundBody4(CalculateRestServiceClient.java:58)\n\tat com.epam.labTA.web.rest.CalculateRestServiceClient$AjcClosure5.run(CalculateRestServiceClient.java:1)\n\tat org.aspectj.runtime.reflect.JoinPointImpl.proceed(JoinPointImpl.java:149)\n\tat io.qameta.allure.aspects.StepsAspects.step(StepsAspects.java:46)\n\tat com.epam.labTA.web.rest.CalculateRestServiceClient.getDivide(CalculateRestServiceClient.java:57)\n\tat com.epam.labTA.web.CalculateAPITest.lambda$verifyForbiddenZeroDivision$0(CalculateAPITest.java:89)\n\tat org.testng.Assert.expectThrows(Assert.java:1616)\n\tat org.testng.Assert.assertThrows(Assert.java:1598)\n\tat com.epam.labTA.web.CalculateAPITest.verifyForbiddenZeroDivision(CalculateAPITest.java:89)\n\tat sun.reflect.NativeMethodAccessorImpl.invoke0(Native Method)\n\tat sun.reflect.NativeMethodAccessorImpl.invoke(NativeMethodAccessorImpl.java:62)\n\tat sun.reflect.DelegatingMethodAccessorImpl.invoke(DelegatingMethodAccessorImpl.java:43)\n\tat java.lang.reflect.Method.invoke(Method.java:498)\n\tat org.testng.internal.MethodInvocationHelper.invokeMethod(MethodInvocationHelper.java:131)\n\tat org.testng.internal.TestInvoker.invokeMethod(TestInvoker.java:570)\n\tat org.testng.internal.TestInvoker.invokeTestMethod(TestInvoker.java:170)\n\tat org.testng.internal.MethodRunner.runInSequence(MethodRunner.java:46)\n\tat org.testng.internal.TestInvoker$MethodInvocationAgent.invoke(TestInvoker.java:790)\n\tat org.testng.internal.TestInvoker.invokeTestMethods(TestInvoker.java:143)\n\tat org.testng.internal.TestMethodWorker.invokeTestMethods(TestMethodWorker.java:146)\n\tat org.testng.internal.TestMethodWorker.run(TestMethodWorker.java:128)\n\tat org.testng.TestRunner.privateRun(TestRunner.java:763)\n\tat org.testng.TestRunner.run(TestRunner.java:594)\n\tat org.testng.SuiteRunner.runTest(SuiteRunner.java:398)\n\tat org.testng.SuiteRunner.runSequentially(SuiteRunner.java:392)\n\tat org.testng.SuiteRunner.privateRun(SuiteRunner.java:355)\n\tat org.testng.SuiteRunner.run(SuiteRunner.java:304)\n\tat org.testng.SuiteRunnerWorker.runSuite(SuiteRunnerWorker.java:53)\n\tat org.testng.SuiteRunnerWorker.run(SuiteRunnerWorker.java:96)\n\tat org.testng.TestNG.runSuitesSequentially(TestNG.java:1146)\n\tat org.testng.TestNG.runSuitesLocally(TestNG.java:1067)\n\tat org.testng.TestNG.runSuites(TestNG.java:997)\n\tat org.testng.TestNG.run(TestNG.java:965)\n\tat org.apache.maven.surefire.testng.TestNGExecutor.run(TestNGExecutor.java:281)\n\tat org.apache.maven.surefire.testng.TestNGXmlTestSuite.execute(TestNGXmlTestSuite.java:75)\n\tat org.apache.maven.surefire.testng.TestNGProvider.invoke(TestNGProvider.java:121)\n\tat org.apache.maven.surefire.booter.ForkedBooter.invokeProviderInSameClassLoader(ForkedBooter.java:290)\n\tat org.apache.maven.surefire.booter.ForkedBooter.runSuitesInProcess(ForkedBooter.java:242)\n\tat org.apache.maven.surefire.booter.ForkedBooter.main(ForkedBooter.java:121)\n"},"stage":"finished","start":1556879358719,"stop":1556879358745,"parameters":[{"name":"responce","value":"/divide/4.0/0.0"}]}],"parameters":[{"name":"x","value":"4.0"},{"name":"y","value":"0.0"}]}],"parameters":[]}