{"uuid":"b875cc11-3dbb-4eb8-b4a9-5a09f3260279","historyId":"b9afc107af263f9ac83bda500571ab40","fullName":"com.epam.labTA.web.CalculatorRestAPITest.checkStatusForEndpointRestTest","labels":[{"name":"package","value":"com.epam.labTA.web.CalculatorRestAPITest"},{"name":"testClass","value":"com.epam.labTA.web.CalculatorRestAPITest"},{"name":"testMethod","value":"checkStatusForEndpointRestTest"},{"name":"parentSuite","value":"Suite"},{"name":"suite","value":"CalculateTest"},{"name":"subSuite","value":"com.epam.labTA.web.CalculatorRestAPITest"},{"name":"host","value":"Olenkas-Air.kyiv.epam.com"},{"name":"thread","value":"1831@Olenkas-Air.kyiv.epam.com.main(1)"}],"links":[],"name":"checkStatusForEndpointRestTest","status":"failed","statusDetails":{"known":false,"muted":false,"flaky":false,"message":"expected [404] but found [0]","trace":"java.lang.AssertionError: expected [404] but found [0]\n\tat org.testng.Assert.fail(Assert.java:97)\n\tat org.testng.Assert.assertEqualsImpl(Assert.java:136)\n\tat org.testng.Assert.assertEquals(Assert.java:118)\n\tat org.testng.Assert.assertEquals(Assert.java:839)\n\tat org.testng.Assert.assertEquals(Assert.java:849)\n\tat com.epam.labTA.web.CalculatorRestAPITest.checkStatusForEndpointRestTest_aroundBody0(CalculatorRestAPITest.java:48)\n\tat com.epam.labTA.web.CalculatorRestAPITest$AjcClosure1.run(CalculatorRestAPITest.java:1)\n\tat org.aspectj.runtime.reflect.JoinPointImpl.proceed(JoinPointImpl.java:149)\n\tat io.qameta.allure.aspects.StepsAspects.step(StepsAspects.java:46)\n\tat com.epam.labTA.web.CalculatorRestAPITest.checkStatusForEndpointRestTest(CalculatorRestAPITest.java:41)\n\tat sun.reflect.NativeMethodAccessorImpl.invoke0(Native Method)\n\tat sun.reflect.NativeMethodAccessorImpl.invoke(NativeMethodAccessorImpl.java:62)\n\tat sun.reflect.DelegatingMethodAccessorImpl.invoke(DelegatingMethodAccessorImpl.java:43)\n\tat java.lang.reflect.Method.invoke(Method.java:498)\n\tat org.testng.internal.MethodInvocationHelper.invokeMethod(MethodInvocationHelper.java:131)\n\tat org.testng.internal.TestInvoker.invokeMethod(TestInvoker.java:570)\n\tat org.testng.internal.TestInvoker.invokeTestMethod(TestInvoker.java:170)\n\tat org.testng.internal.MethodRunner.runInSequence(MethodRunner.java:46)\n\tat org.testng.internal.TestInvoker$MethodInvocationAgent.invoke(TestInvoker.java:790)\n\tat org.testng.internal.TestInvoker.invokeTestMethods(TestInvoker.java:143)\n\tat org.testng.internal.TestMethodWorker.invokeTestMethods(TestMethodWorker.java:146)\n\tat org.testng.internal.TestMethodWorker.run(TestMethodWorker.java:128)\n\tat org.testng.TestRunner.privateRun(TestRunner.java:763)\n\tat org.testng.TestRunner.run(TestRunner.java:594)\n\tat org.testng.SuiteRunner.runTest(SuiteRunner.java:398)\n\tat org.testng.SuiteRunner.runSequentially(SuiteRunner.java:392)\n\tat org.testng.SuiteRunner.privateRun(SuiteRunner.java:355)\n\tat org.testng.SuiteRunner.run(SuiteRunner.java:304)\n\tat org.testng.SuiteRunnerWorker.runSuite(SuiteRunnerWorker.java:53)\n\tat org.testng.SuiteRunnerWorker.run(SuiteRunnerWorker.java:96)\n\tat org.testng.TestNG.runSuitesSequentially(TestNG.java:1146)\n\tat org.testng.TestNG.runSuitesLocally(TestNG.java:1067)\n\tat org.testng.TestNG.runSuites(TestNG.java:997)\n\tat org.testng.TestNG.run(TestNG.java:965)\n\tat org.apache.maven.surefire.testng.TestNGExecutor.run(TestNGExecutor.java:281)\n\tat org.apache.maven.surefire.testng.TestNGXmlTestSuite.execute(TestNGXmlTestSuite.java:75)\n\tat org.apache.maven.surefire.testng.TestNGProvider.invoke(TestNGProvider.java:121)\n\tat org.apache.maven.surefire.booter.ForkedBooter.invokeProviderInSameClassLoader(ForkedBooter.java:290)\n\tat org.apache.maven.surefire.booter.ForkedBooter.runSuitesInProcess(ForkedBooter.java:242)\n\tat org.apache.maven.surefire.booter.ForkedBooter.main(ForkedBooter.java:121)\n"},"stage":"finished","start":1557475728524,"stop":1557475728555,"steps":[{"name":"Step check status code for calculate endpoints","status":"failed","statusDetails":{"known":false,"muted":false,"flaky":false,"message":"expected [404] but found [0]","trace":"java.lang.AssertionError: expected [404] but found [0]\n\tat org.testng.Assert.fail(Assert.java:97)\n\tat org.testng.Assert.assertEqualsImpl(Assert.java:136)\n\tat org.testng.Assert.assertEquals(Assert.java:118)\n\tat org.testng.Assert.assertEquals(Assert.java:839)\n\tat org.testng.Assert.assertEquals(Assert.java:849)\n\tat com.epam.labTA.web.CalculatorRestAPITest.checkStatusForEndpointRestTest_aroundBody0(CalculatorRestAPITest.java:48)\n\tat com.epam.labTA.web.CalculatorRestAPITest$AjcClosure1.run(CalculatorRestAPITest.java:1)\n\tat org.aspectj.runtime.reflect.JoinPointImpl.proceed(JoinPointImpl.java:149)\n\tat io.qameta.allure.aspects.StepsAspects.step(StepsAspects.java:46)\n\tat com.epam.labTA.web.CalculatorRestAPITest.checkStatusForEndpointRestTest(CalculatorRestAPITest.java:41)\n\tat sun.reflect.NativeMethodAccessorImpl.invoke0(Native Method)\n\tat sun.reflect.NativeMethodAccessorImpl.invoke(NativeMethodAccessorImpl.java:62)\n\tat sun.reflect.DelegatingMethodAccessorImpl.invoke(DelegatingMethodAccessorImpl.java:43)\n\tat java.lang.reflect.Method.invoke(Method.java:498)\n\tat org.testng.internal.MethodInvocationHelper.invokeMethod(MethodInvocationHelper.java:131)\n\tat org.testng.internal.TestInvoker.invokeMethod(TestInvoker.java:570)\n\tat org.testng.internal.TestInvoker.invokeTestMethod(TestInvoker.java:170)\n\tat org.testng.internal.MethodRunner.runInSequence(MethodRunner.java:46)\n\tat org.testng.internal.TestInvoker$MethodInvocationAgent.invoke(TestInvoker.java:790)\n\tat org.testng.internal.TestInvoker.invokeTestMethods(TestInvoker.java:143)\n\tat org.testng.internal.TestMethodWorker.invokeTestMethods(TestMethodWorker.java:146)\n\tat org.testng.internal.TestMethodWorker.run(TestMethodWorker.java:128)\n\tat org.testng.TestRunner.privateRun(TestRunner.java:763)\n\tat org.testng.TestRunner.run(TestRunner.java:594)\n\tat org.testng.SuiteRunner.runTest(SuiteRunner.java:398)\n\tat org.testng.SuiteRunner.runSequentially(SuiteRunner.java:392)\n\tat org.testng.SuiteRunner.privateRun(SuiteRunner.java:355)\n\tat org.testng.SuiteRunner.run(SuiteRunner.java:304)\n\tat org.testng.SuiteRunnerWorker.runSuite(SuiteRunnerWorker.java:53)\n\tat org.testng.SuiteRunnerWorker.run(SuiteRunnerWorker.java:96)\n\tat org.testng.TestNG.runSuitesSequentially(TestNG.java:1146)\n\tat org.testng.TestNG.runSuitesLocally(TestNG.java:1067)\n\tat org.testng.TestNG.runSuites(TestNG.java:997)\n\tat org.testng.TestNG.run(TestNG.java:965)\n\tat org.apache.maven.surefire.testng.TestNGExecutor.run(TestNGExecutor.java:281)\n\tat org.apache.maven.surefire.testng.TestNGXmlTestSuite.execute(TestNGXmlTestSuite.java:75)\n\tat org.apache.maven.surefire.testng.TestNGProvider.invoke(TestNGProvider.java:121)\n\tat org.apache.maven.surefire.booter.ForkedBooter.invokeProviderInSameClassLoader(ForkedBooter.java:290)\n\tat org.apache.maven.surefire.booter.ForkedBooter.runSuitesInProcess(ForkedBooter.java:242)\n\tat org.apache.maven.surefire.booter.ForkedBooter.main(ForkedBooter.java:121)\n"},"stage":"finished","start":1557475728524,"stop":1557475728550,"steps":[{"name":"Calculate rest service for num1: {}, num2: {}, by method:{} ...","status":"broken","statusDetails":{"known":false,"muted":false,"flaky":false,"message":"Status code of HTTP response  404 instead of 200 ","trace":"com.epam.labTA.web.exception.ResponseError: Status code of HTTP response  404 instead of 200 \n\tat com.epam.labTA.web.rest.CalculateRestServiceClient.performClientRequest_aroundBody12(CalculateRestServiceClient.java:74)\n\tat com.epam.labTA.web.rest.CalculateRestServiceClient$AjcClosure13.run(CalculateRestServiceClient.java:1)\n\tat org.aspectj.runtime.reflect.JoinPointImpl.proceed(JoinPointImpl.java:149)\n\tat io.qameta.allure.aspects.StepsAspects.step(StepsAspects.java:46)\n\tat com.epam.labTA.web.rest.CalculateRestServiceClient.performClientRequest(CalculateRestServiceClient.java:67)\n\tat com.epam.labTA.web.rest.CalculateRestServiceClient.getCalculate_aroundBody4(CalculateRestServiceClient.java:44)\n\tat com.epam.labTA.web.rest.CalculateRestServiceClient$AjcClosure5.run(CalculateRestServiceClient.java:1)\n\tat org.aspectj.runtime.reflect.JoinPointImpl.proceed(JoinPointImpl.java:149)\n\tat io.qameta.allure.aspects.StepsAspects.step(StepsAspects.java:46)\n\tat com.epam.labTA.web.rest.CalculateRestServiceClient.getCalculate(CalculateRestServiceClient.java:43)\n\tat com.epam.labTA.web.CalculatorRestAPITest.checkStatusForEndpointRestTest_aroundBody0(CalculatorRestAPITest.java:45)\n\tat com.epam.labTA.web.CalculatorRestAPITest$AjcClosure1.run(CalculatorRestAPITest.java:1)\n\tat org.aspectj.runtime.reflect.JoinPointImpl.proceed(JoinPointImpl.java:149)\n\tat io.qameta.allure.aspects.StepsAspects.step(StepsAspects.java:46)\n\tat com.epam.labTA.web.CalculatorRestAPITest.checkStatusForEndpointRestTest(CalculatorRestAPITest.java:41)\n\tat sun.reflect.NativeMethodAccessorImpl.invoke0(Native Method)\n\tat sun.reflect.NativeMethodAccessorImpl.invoke(NativeMethodAccessorImpl.java:62)\n\tat sun.reflect.DelegatingMethodAccessorImpl.invoke(DelegatingMethodAccessorImpl.java:43)\n\tat java.lang.reflect.Method.invoke(Method.java:498)\n\tat org.testng.internal.MethodInvocationHelper.invokeMethod(MethodInvocationHelper.java:131)\n\tat org.testng.internal.TestInvoker.invokeMethod(TestInvoker.java:570)\n\tat org.testng.internal.TestInvoker.invokeTestMethod(TestInvoker.java:170)\n\tat org.testng.internal.MethodRunner.runInSequence(MethodRunner.java:46)\n\tat org.testng.internal.TestInvoker$MethodInvocationAgent.invoke(TestInvoker.java:790)\n\tat org.testng.internal.TestInvoker.invokeTestMethods(TestInvoker.java:143)\n\tat org.testng.internal.TestMethodWorker.invokeTestMethods(TestMethodWorker.java:146)\n\tat org.testng.internal.TestMethodWorker.run(TestMethodWorker.java:128)\n\tat org.testng.TestRunner.privateRun(TestRunner.java:763)\n\tat org.testng.TestRunner.run(TestRunner.java:594)\n\tat org.testng.SuiteRunner.runTest(SuiteRunner.java:398)\n\tat org.testng.SuiteRunner.runSequentially(SuiteRunner.java:392)\n\tat org.testng.SuiteRunner.privateRun(SuiteRunner.java:355)\n\tat org.testng.SuiteRunner.run(SuiteRunner.java:304)\n\tat org.testng.SuiteRunnerWorker.runSuite(SuiteRunnerWorker.java:53)\n\tat org.testng.SuiteRunnerWorker.run(SuiteRunnerWorker.java:96)\n\tat org.testng.TestNG.runSuitesSequentially(TestNG.java:1146)\n\tat org.testng.TestNG.runSuitesLocally(TestNG.java:1067)\n\tat org.testng.TestNG.runSuites(TestNG.java:997)\n\tat org.testng.TestNG.run(TestNG.java:965)\n\tat org.apache.maven.surefire.testng.TestNGExecutor.run(TestNGExecutor.java:281)\n\tat org.apache.maven.surefire.testng.TestNGXmlTestSuite.execute(TestNGXmlTestSuite.java:75)\n\tat org.apache.maven.surefire.testng.TestNGProvider.invoke(TestNGProvider.java:121)\n\tat org.apache.maven.surefire.booter.ForkedBooter.invokeProviderInSameClassLoader(ForkedBooter.java:290)\n\tat org.apache.maven.surefire.booter.ForkedBooter.runSuitesInProcess(ForkedBooter.java:242)\n\tat org.apache.maven.surefire.booter.ForkedBooter.main(ForkedBooter.java:121)\n"},"stage":"finished","start":1557475728525,"stop":1557475728549,"steps":[{"name":"Step for perform request rest service with url: {} ...","status":"broken","statusDetails":{"known":false,"muted":false,"flaky":false,"message":"Status code of HTTP response  404 instead of 200 ","trace":"com.epam.labTA.web.exception.ResponseError: Status code of HTTP response  404 instead of 200 \n\tat com.epam.labTA.web.rest.CalculateRestServiceClient.performClientRequest_aroundBody12(CalculateRestServiceClient.java:74)\n\tat com.epam.labTA.web.rest.CalculateRestServiceClient$AjcClosure13.run(CalculateRestServiceClient.java:1)\n\tat org.aspectj.runtime.reflect.JoinPointImpl.proceed(JoinPointImpl.java:149)\n\tat io.qameta.allure.aspects.StepsAspects.step(StepsAspects.java:46)\n\tat com.epam.labTA.web.rest.CalculateRestServiceClient.performClientRequest(CalculateRestServiceClient.java:67)\n\tat com.epam.labTA.web.rest.CalculateRestServiceClient.getCalculate_aroundBody4(CalculateRestServiceClient.java:44)\n\tat com.epam.labTA.web.rest.CalculateRestServiceClient$AjcClosure5.run(CalculateRestServiceClient.java:1)\n\tat org.aspectj.runtime.reflect.JoinPointImpl.proceed(JoinPointImpl.java:149)\n\tat io.qameta.allure.aspects.StepsAspects.step(StepsAspects.java:46)\n\tat com.epam.labTA.web.rest.CalculateRestServiceClient.getCalculate(CalculateRestServiceClient.java:43)\n\tat com.epam.labTA.web.CalculatorRestAPITest.checkStatusForEndpointRestTest_aroundBody0(CalculatorRestAPITest.java:45)\n\tat com.epam.labTA.web.CalculatorRestAPITest$AjcClosure1.run(CalculatorRestAPITest.java:1)\n\tat org.aspectj.runtime.reflect.JoinPointImpl.proceed(JoinPointImpl.java:149)\n\tat io.qameta.allure.aspects.StepsAspects.step(StepsAspects.java:46)\n\tat com.epam.labTA.web.CalculatorRestAPITest.checkStatusForEndpointRestTest(CalculatorRestAPITest.java:41)\n\tat sun.reflect.NativeMethodAccessorImpl.invoke0(Native Method)\n\tat sun.reflect.NativeMethodAccessorImpl.invoke(NativeMethodAccessorImpl.java:62)\n\tat sun.reflect.DelegatingMethodAccessorImpl.invoke(DelegatingMethodAccessorImpl.java:43)\n\tat java.lang.reflect.Method.invoke(Method.java:498)\n\tat org.testng.internal.MethodInvocationHelper.invokeMethod(MethodInvocationHelper.java:131)\n\tat org.testng.internal.TestInvoker.invokeMethod(TestInvoker.java:570)\n\tat org.testng.internal.TestInvoker.invokeTestMethod(TestInvoker.java:170)\n\tat org.testng.internal.MethodRunner.runInSequence(MethodRunner.java:46)\n\tat org.testng.internal.TestInvoker$MethodInvocationAgent.invoke(TestInvoker.java:790)\n\tat org.testng.internal.TestInvoker.invokeTestMethods(TestInvoker.java:143)\n\tat org.testng.internal.TestMethodWorker.invokeTestMethods(TestMethodWorker.java:146)\n\tat org.testng.internal.TestMethodWorker.run(TestMethodWorker.java:128)\n\tat org.testng.TestRunner.privateRun(TestRunner.java:763)\n\tat org.testng.TestRunner.run(TestRunner.java:594)\n\tat org.testng.SuiteRunner.runTest(SuiteRunner.java:398)\n\tat org.testng.SuiteRunner.runSequentially(SuiteRunner.java:392)\n\tat org.testng.SuiteRunner.privateRun(SuiteRunner.java:355)\n\tat org.testng.SuiteRunner.run(SuiteRunner.java:304)\n\tat org.testng.SuiteRunnerWorker.runSuite(SuiteRunnerWorker.java:53)\n\tat org.testng.SuiteRunnerWorker.run(SuiteRunnerWorker.java:96)\n\tat org.testng.TestNG.runSuitesSequentially(TestNG.java:1146)\n\tat org.testng.TestNG.runSuitesLocally(TestNG.java:1067)\n\tat org.testng.TestNG.runSuites(TestNG.java:997)\n\tat org.testng.TestNG.run(TestNG.java:965)\n\tat org.apache.maven.surefire.testng.TestNGExecutor.run(TestNGExecutor.java:281)\n\tat org.apache.maven.surefire.testng.TestNGXmlTestSuite.execute(TestNGXmlTestSuite.java:75)\n\tat org.apache.maven.surefire.testng.TestNGProvider.invoke(TestNGProvider.java:121)\n\tat org.apache.maven.surefire.booter.ForkedBooter.invokeProviderInSameClassLoader(ForkedBooter.java:290)\n\tat org.apache.maven.surefire.booter.ForkedBooter.runSuitesInProcess(ForkedBooter.java:242)\n\tat org.apache.maven.surefire.booter.ForkedBooter.main(ForkedBooter.java:121)\n"},"stage":"finished","start":1557475728525,"stop":1557475728548,"parameters":[{"name":"url","value":"http://localhost:8080/OlenkaSaloCalculatorService/calculatorRest/calculate/12.0/73.0/other"}]}],"parameters":[{"name":"x","value":"12.0"},{"name":"y","value":"73.0"},{"name":"operation","value":"other"}]}]}],"parameters":[]}