{"uuid":"bd204dea-7e1e-4fc0-a81a-a7dd13f8d63d","historyId":"eb357fe93f5d7b4fcdd3006875cffcb4","fullName":"com.epam.labTA.web.CalculatorRestAPITest.checkMessagefromRestServiceTest","labels":[{"name":"package","value":"com.epam.labTA.web.CalculatorRestAPITest"},{"name":"testClass","value":"com.epam.labTA.web.CalculatorRestAPITest"},{"name":"testMethod","value":"checkMessagefromRestServiceTest"},{"name":"parentSuite","value":"Suite"},{"name":"suite","value":"CalculateTest"},{"name":"subSuite","value":"com.epam.labTA.web.CalculatorRestAPITest"},{"name":"host","value":"Olenkas-Air.kyiv.epam.com"},{"name":"thread","value":"3619@Olenkas-Air.kyiv.epam.com.main(1)"}],"links":[],"name":"checkMessagefromRestServiceTest","status":"broken","statusDetails":{"known":false,"muted":false,"flaky":false,"message":"javax.ws.rs.core.Response$Status$Family.familyOf(I)Ljavax/ws/rs/core/Response$Status$Family;","trace":"javax.ws.rs.ProcessingException: javax.ws.rs.core.Response$Status$Family.familyOf(I)Ljavax/ws/rs/core/Response$Status$Family;\n\tat org.glassfish.jersey.client.ClientRuntime.invoke(ClientRuntime.java:261)\n\tat org.glassfish.jersey.client.JerseyInvocation$1.call(JerseyInvocation.java:684)\n\tat org.glassfish.jersey.client.JerseyInvocation$1.call(JerseyInvocation.java:681)\n\tat org.glassfish.jersey.internal.Errors.process(Errors.java:315)\n\tat org.glassfish.jersey.internal.Errors.process(Errors.java:297)\n\tat org.glassfish.jersey.internal.Errors.process(Errors.java:228)\n\tat org.glassfish.jersey.process.internal.RequestScope.runInScope(RequestScope.java:444)\n\tat org.glassfish.jersey.client.JerseyInvocation.invoke(JerseyInvocation.java:681)\n\tat org.glassfish.jersey.client.JerseyInvocation$Builder.method(JerseyInvocation.java:411)\n\tat org.glassfish.jersey.client.JerseyInvocation$Builder.get(JerseyInvocation.java:311)\n\tat com.epam.labTA.web.rest.CalculateRestServiceClient.performClientRequest(CalculateRestServiceClient.java:120)\n\tat com.epam.labTA.web.rest.CalculateRestServiceClient.getAdd_aroundBody10(CalculateRestServiceClient.java:96)\n\tat com.epam.labTA.web.rest.CalculateRestServiceClient$AjcClosure11.run(CalculateRestServiceClient.java:1)\n\tat org.aspectj.runtime.reflect.JoinPointImpl.proceed(JoinPointImpl.java:149)\n\tat io.qameta.allure.aspects.StepsAspects.step(StepsAspects.java:46)\n\tat com.epam.labTA.web.rest.CalculateRestServiceClient.getAdd(CalculateRestServiceClient.java:94)\n\tat com.epam.labTA.web.CalculatorRestAPITest.checkMessagefromRestServiceTest(CalculatorRestAPITest.java:39)\n\tat sun.reflect.NativeMethodAccessorImpl.invoke0(Native Method)\n\tat sun.reflect.NativeMethodAccessorImpl.invoke(NativeMethodAccessorImpl.java:62)\n\tat sun.reflect.DelegatingMethodAccessorImpl.invoke(DelegatingMethodAccessorImpl.java:43)\n\tat java.lang.reflect.Method.invoke(Method.java:498)\n\tat org.testng.internal.MethodInvocationHelper.invokeMethod(MethodInvocationHelper.java:131)\n\tat org.testng.internal.TestInvoker.invokeMethod(TestInvoker.java:570)\n\tat org.testng.internal.TestInvoker.invokeTestMethod(TestInvoker.java:170)\n\tat org.testng.internal.MethodRunner.runInSequence(MethodRunner.java:46)\n\tat org.testng.internal.TestInvoker$MethodInvocationAgent.invoke(TestInvoker.java:790)\n\tat org.testng.internal.TestInvoker.invokeTestMethods(TestInvoker.java:143)\n\tat org.testng.internal.TestMethodWorker.invokeTestMethods(TestMethodWorker.java:146)\n\tat org.testng.internal.TestMethodWorker.run(TestMethodWorker.java:128)\n\tat org.testng.TestRunner.privateRun(TestRunner.java:763)\n\tat org.testng.TestRunner.run(TestRunner.java:594)\n\tat org.testng.SuiteRunner.runTest(SuiteRunner.java:398)\n\tat org.testng.SuiteRunner.runSequentially(SuiteRunner.java:392)\n\tat org.testng.SuiteRunner.privateRun(SuiteRunner.java:355)\n\tat org.testng.SuiteRunner.run(SuiteRunner.java:304)\n\tat org.testng.SuiteRunnerWorker.runSuite(SuiteRunnerWorker.java:53)\n\tat org.testng.SuiteRunnerWorker.run(SuiteRunnerWorker.java:96)\n\tat org.testng.TestNG.runSuitesSequentially(TestNG.java:1146)\n\tat org.testng.TestNG.runSuitesLocally(TestNG.java:1067)\n\tat org.testng.TestNG.runSuites(TestNG.java:997)\n\tat org.testng.TestNG.run(TestNG.java:965)\n\tat org.apache.maven.surefire.testng.TestNGExecutor.run(TestNGExecutor.java:281)\n\tat org.apache.maven.surefire.testng.TestNGXmlTestSuite.execute(TestNGXmlTestSuite.java:75)\n\tat org.apache.maven.surefire.testng.TestNGProvider.invoke(TestNGProvider.java:121)\n\tat org.apache.maven.surefire.booter.ForkedBooter.invokeProviderInSameClassLoader(ForkedBooter.java:290)\n\tat org.apache.maven.surefire.booter.ForkedBooter.runSuitesInProcess(ForkedBooter.java:242)\n\tat org.apache.maven.surefire.booter.ForkedBooter.main(ForkedBooter.java:121)\nCaused by: java.lang.NoSuchMethodError: javax.ws.rs.core.Response$Status$Family.familyOf(I)Ljavax/ws/rs/core/Response$Status$Family;\n\tat org.glassfish.jersey.message.internal.Statuses$StatusImpl.<init>(Statuses.java:63)\n\tat org.glassfish.jersey.message.internal.Statuses$StatusImpl.<init>(Statuses.java:54)\n\tat org.glassfish.jersey.message.internal.Statuses.from(Statuses.java:143)\n\tat org.glassfish.jersey.client.internal.HttpUrlConnector._apply(HttpUrlConnector.java:402)\n\tat org.glassfish.jersey.client.internal.HttpUrlConnector.apply(HttpUrlConnector.java:285)\n\tat org.glassfish.jersey.client.ClientRuntime.invoke(ClientRuntime.java:252)\n\t... 46 more\n"},"stage":"finished","start":1557236148972,"stop":1557236149900,"steps":[{"name":"Add for rest service num1: {}, num2: {}, by method:{} ...","status":"broken","statusDetails":{"known":false,"muted":false,"flaky":false,"message":"javax.ws.rs.core.Response$Status$Family.familyOf(I)Ljavax/ws/rs/core/Response$Status$Family;","trace":"javax.ws.rs.ProcessingException: javax.ws.rs.core.Response$Status$Family.familyOf(I)Ljavax/ws/rs/core/Response$Status$Family;\n\tat org.glassfish.jersey.client.ClientRuntime.invoke(ClientRuntime.java:261)\n\tat org.glassfish.jersey.client.JerseyInvocation$1.call(JerseyInvocation.java:684)\n\tat org.glassfish.jersey.client.JerseyInvocation$1.call(JerseyInvocation.java:681)\n\tat org.glassfish.jersey.internal.Errors.process(Errors.java:315)\n\tat org.glassfish.jersey.internal.Errors.process(Errors.java:297)\n\tat org.glassfish.jersey.internal.Errors.process(Errors.java:228)\n\tat org.glassfish.jersey.process.internal.RequestScope.runInScope(RequestScope.java:444)\n\tat org.glassfish.jersey.client.JerseyInvocation.invoke(JerseyInvocation.java:681)\n\tat org.glassfish.jersey.client.JerseyInvocation$Builder.method(JerseyInvocation.java:411)\n\tat org.glassfish.jersey.client.JerseyInvocation$Builder.get(JerseyInvocation.java:311)\n\tat com.epam.labTA.web.rest.CalculateRestServiceClient.performClientRequest(CalculateRestServiceClient.java:120)\n\tat com.epam.labTA.web.rest.CalculateRestServiceClient.getAdd_aroundBody10(CalculateRestServiceClient.java:96)\n\tat com.epam.labTA.web.rest.CalculateRestServiceClient$AjcClosure11.run(CalculateRestServiceClient.java:1)\n\tat org.aspectj.runtime.reflect.JoinPointImpl.proceed(JoinPointImpl.java:149)\n\tat io.qameta.allure.aspects.StepsAspects.step(StepsAspects.java:46)\n\tat com.epam.labTA.web.rest.CalculateRestServiceClient.getAdd(CalculateRestServiceClient.java:94)\n\tat com.epam.labTA.web.CalculatorRestAPITest.checkMessagefromRestServiceTest(CalculatorRestAPITest.java:39)\n\tat sun.reflect.NativeMethodAccessorImpl.invoke0(Native Method)\n\tat sun.reflect.NativeMethodAccessorImpl.invoke(NativeMethodAccessorImpl.java:62)\n\tat sun.reflect.DelegatingMethodAccessorImpl.invoke(DelegatingMethodAccessorImpl.java:43)\n\tat java.lang.reflect.Method.invoke(Method.java:498)\n\tat org.testng.internal.MethodInvocationHelper.invokeMethod(MethodInvocationHelper.java:131)\n\tat org.testng.internal.TestInvoker.invokeMethod(TestInvoker.java:570)\n\tat org.testng.internal.TestInvoker.invokeTestMethod(TestInvoker.java:170)\n\tat org.testng.internal.MethodRunner.runInSequence(MethodRunner.java:46)\n\tat org.testng.internal.TestInvoker$MethodInvocationAgent.invoke(TestInvoker.java:790)\n\tat org.testng.internal.TestInvoker.invokeTestMethods(TestInvoker.java:143)\n\tat org.testng.internal.TestMethodWorker.invokeTestMethods(TestMethodWorker.java:146)\n\tat org.testng.internal.TestMethodWorker.run(TestMethodWorker.java:128)\n\tat org.testng.TestRunner.privateRun(TestRunner.java:763)\n\tat org.testng.TestRunner.run(TestRunner.java:594)\n\tat org.testng.SuiteRunner.runTest(SuiteRunner.java:398)\n\tat org.testng.SuiteRunner.runSequentially(SuiteRunner.java:392)\n\tat org.testng.SuiteRunner.privateRun(SuiteRunner.java:355)\n\tat org.testng.SuiteRunner.run(SuiteRunner.java:304)\n\tat org.testng.SuiteRunnerWorker.runSuite(SuiteRunnerWorker.java:53)\n\tat org.testng.SuiteRunnerWorker.run(SuiteRunnerWorker.java:96)\n\tat org.testng.TestNG.runSuitesSequentially(TestNG.java:1146)\n\tat org.testng.TestNG.runSuitesLocally(TestNG.java:1067)\n\tat org.testng.TestNG.runSuites(TestNG.java:997)\n\tat org.testng.TestNG.run(TestNG.java:965)\n\tat org.apache.maven.surefire.testng.TestNGExecutor.run(TestNGExecutor.java:281)\n\tat org.apache.maven.surefire.testng.TestNGXmlTestSuite.execute(TestNGXmlTestSuite.java:75)\n\tat org.apache.maven.surefire.testng.TestNGProvider.invoke(TestNGProvider.java:121)\n\tat org.apache.maven.surefire.booter.ForkedBooter.invokeProviderInSameClassLoader(ForkedBooter.java:290)\n\tat org.apache.maven.surefire.booter.ForkedBooter.runSuitesInProcess(ForkedBooter.java:242)\n\tat org.apache.maven.surefire.booter.ForkedBooter.main(ForkedBooter.java:121)\nCaused by: java.lang.NoSuchMethodError: javax.ws.rs.core.Response$Status$Family.familyOf(I)Ljavax/ws/rs/core/Response$Status$Family;\n\tat org.glassfish.jersey.message.internal.Statuses$StatusImpl.<init>(Statuses.java:63)\n\tat org.glassfish.jersey.message.internal.Statuses$StatusImpl.<init>(Statuses.java:54)\n\tat org.glassfish.jersey.message.internal.Statuses.from(Statuses.java:143)\n\tat org.glassfish.jersey.client.internal.HttpUrlConnector._apply(HttpUrlConnector.java:402)\n\tat org.glassfish.jersey.client.internal.HttpUrlConnector.apply(HttpUrlConnector.java:285)\n\tat org.glassfish.jersey.client.ClientRuntime.invoke(ClientRuntime.java:252)\n\t... 46 more\n"},"stage":"finished","start":1557236149021,"stop":1557236149893,"parameters":[{"name":"x","value":"21.0"},{"name":"y","value":"32.0"}]}],"parameters":[]}